error: Generic associated types are not supported
 --> /rustc/library/core/src/str/pattern.rs:102:5

note: the error occurred when translating `core::str::pattern::Pattern`, which is (transitively) used at the following location(s):
  --> src/main.rs:16:29
   |
16 |     pub fn takes_pattern<T: std::str::pattern::Pattern>() {}
   |                             --------------------------
   |
  ::: src/module.rs:6:13
   |
 6 |     let _ = "".contains("");
   |             ---------------
 7 |     let _ = crate::opaque::takes_pattern::<&str>();
   |             --------------------------------------
error: Item `core::str::pattern::Pattern` caused errors; ignoring.
 --> /rustc/library/core/src/str/pattern.rs:100:1


thread 'rustc' panicked at src/bin/charon-driver/translate/translate_types.rs:389:13:
not yet implemented
note: run with `RUST_BACKTRACE=1` environment variable to display a backtrace
error: Thread panicked when extracting item `core::str::pattern::SearchStep`.
 --> /rustc/library/core/src/str/pattern.rs:185:1

note: the error occurred when translating `core::str::pattern::SearchStep`, which is (transitively) used at the following location(s):
 --> src/module.rs:6:13
  |
6 |     let _ = "".contains("");
  |             ---------------
7 |     let _ = crate::opaque::takes_pattern::<&str>();
  |             --------------------------------------

thread 'rustc' panicked at src/bin/charon-driver/translate/translate_types.rs:389:13:
not yet implemented
error: Thread panicked when extracting item `core::str::pattern::StrSearcher`.
 --> /rustc/library/core/src/str/pattern.rs:1059:1

note: the error occurred when translating `core::str::pattern::StrSearcher`, which is (transitively) used at the following location(s):
 --> src/module.rs:6:13
  |
6 |     let _ = "".contains("");
  |             ---------------
7 |     let _ = crate::opaque::takes_pattern::<&str>();
  |             --------------------------------------
ERROR Charon failed to translate this code (4 errors)
error: could not compile `test-cargo` (bin "test-cargo")

Caused by: